{
  "RSpec": {
    "coverage": {
      "/Users/raf/Projects/Week4/bookmark/spec/features/adding_bookmarks_spec.rb": {
        "lines": [
          1,
          1,
          1,
          1,
          1,
          1,
          1,
          null,
          1,
          null,
          null
        ]
      },
      "/Users/raf/Projects/Week4/bookmark/spec/features/testing_homepage_spec.rb": {
        "lines": [
          1,
          1,
          1,
          1,
          null,
          null,
          null
        ]
      },
      "/Users/raf/Projects/Week4/bookmark/spec/features/viewing_bookmarks_spec.rb": {
        "lines": [
          1,
          1,
          null,
          1,
          1,
          1,
          1,
          1,
          1,
          1,
          1,
          null,
          null
        ]
      },
      "/Users/raf/Projects/Week4/bookmark/spec/unit/bookmark_list_spec.rb": {
        "lines": [
          1,
          1,
          null,
          1,
          null,
          null,
          null,
          null,
          1,
          1,
          1,
          1,
          1,
          1,
          1,
          1,
          1,
          1,
          1,
          null,
          null,
          1,
          1,
          1,
          1,
          null,
          1,
          1,
          1,
          1,
          null,
          null,
          null
        ]
      },
      "/Users/raf/Projects/Week4/bookmark/lib/Bookmark.rb": {
        "lines": [
          1,
          null,
          1,
          1,
          null,
          1,
          18,
          18,
          18,
          null,
          null,
          1,
          8,
          8,
          null,
          0,
          null,
          8,
          8,
          10,
          null,
          null,
          null,
          1,
          8,
          8,
          null,
          0,
          null,
          8,
          8,
          null,
          null,
          null,
          null,
          null,
          null
        ]
      }
    },
    "timestamp": 1614357454
  }
}
