{
  "RSpec": {
    "coverage": {
      "/Users/raf/Projects/Week4/bookmark/spec/features/testing_homepage_spec.rb": {
        "lines": [
          1,
          1,
          1,
          1,
          null,
          null,
          null
        ]
      },
      "/Users/raf/Projects/Week4/bookmark/spec/features/viewing_bookmarks_spec.rb": {
        "lines": [
          1,
          1,
          1,
          1,
          1,
          1,
          1,
          1,
          1,
          1,
          1,
          null,
          null
        ]
      },
      "/Users/raf/Projects/Week4/bookmark/spec/unit/bookmark_list_spec.rb": {
        "lines": [
          1,
          null,
          null,
          1,
          2,
          2,
          2,
          null,
          1,
          1,
          1,
          1,
          1,
          1,
          1,
          1,
          null,
          null,
          null,
          null
        ]
      },
      "/Users/raf/Projects/Week4/bookmark/lib/Bookmark.rb": {
        "lines": [
          1,
          null,
          1,
          1,
          null,
          1,
          6,
          6,
          null,
          0,
          null,
          6,
          21,
          null,
          null,
          1,
          1,
          null,
          null,
          null
        ]
      }
    },
    "timestamp": 1614181094
  }
}
